This is pdfTeX, Version 3.14159-1.10b (Web2C 7.4.5) (format=pdflatex 2004.10.4)  19 FEB 2006 14:20
**vispack.tex
(./vispack.tex{/var/lib/texmf/pdftex/config/pdftex.cfg}
LaTeX2e <2001/06/01>
Babel <v3.7h> and hyphenation patterns for american, french, german, ngerman, n
ohyphenation, loaded.
(/usr/share/texmf/tex/latex/base/latex209.def
File: latex209.def 1998/05/13 v0.52 Standard LaTeX file


          Entering LaTeX 2.09 COMPATIBILITY MODE
 *************************************************************
    !!WARNING!!    !!WARNING!!    !!WARNING!!    !!WARNING!!   
 
 This mode attempts to provide an emulation of the LaTeX 2.09
 author environment so that OLD documents can be successfully
 processed. It should NOT be used for NEW documents!
 
 New documents should use Standard LaTeX conventions and start
 with the \documentclass command.
 
 Compatibility mode is UNLIKELY TO WORK with LaTeX 2.09 style
 files that change any internal macros, especially not with
 those that change the FONT SELECTION or OUTPUT ROUTINES.
 
 Therefore such style files MUST BE UPDATED to use
          Current Standard LaTeX: LaTeX2e.
 If you suspect that you may be using such a style file, which
 is probably very, very old by now, then you should attempt to
 get it updated by sending a copy of this error message to the
 author of that file.
 *************************************************************

\footheight=\dimen102
\@maxsep=\dimen103
\@dblmaxsep=\dimen104
\@cla=\count79
\@clb=\count80
\mscount=\count81
(/usr/share/texmf/tex/latex/base/tracefnt.sty
Package: tracefnt 1997/05/29 v3.0j Standard LaTeX package (font tracing)
\tracingfonts=\count82
LaTeX Info: Redefining \selectfont on input line 96.
)
\symbold=\mathgroup4
\symsans=\mathgroup5
\symtypewriter=\mathgroup6
\symitalic=\mathgroup7
\symsmallcaps=\mathgroup8
\symslanted=\mathgroup9
LaTeX Font Info:    Redeclaring math alphabet \mathbf on input line 288.
LaTeX Font Info:    Redeclaring math alphabet \mathsf on input line 289.
LaTeX Font Info:    Redeclaring math alphabet \mathtt on input line 290.
LaTeX Font Info:    Redeclaring math alphabet \mathit on input line 296.
LaTeX Info: Redefining \em on input line 306.

(/usr/share/texmf/tex/latex/base/latexsym.sty
Package: latexsym 1998/08/17 v2.2e Standard LaTeX package (lasy symbols)
\symlasy=\mathgroup10
LaTeX Font Info:    Overwriting symbol font `lasy' in version `bold'
(Font)                  U/lasy/m/n --> U/lasy/b/n on input line 42.
)
LaTeX Font Info:    Redeclaring math delimiter \lgroup on input line 370.
LaTeX Font Info:    Redeclaring math delimiter \rgroup on input line 372.
LaTeX Font Info:    Redeclaring math delimiter \bracevert on input line 374.

(/usr/share/texmf/tex/latex/config/latex209.cfg
File: latex209.cfg 2001/06/05 v1.0 teTeX customized LaTeX 2.09 compatibility mo
de setup
)
(/usr/share/texmf/tex/latex/tools/rawfonts.sty
Package: rawfonts 1994/05/08 Low-level LaTeX 2.09 font compatibility

(/usr/share/texmf/tex/latex/tools/somedefs.sty
Package: somedefs 1994/06/01 Toolkit for optional definitions
)
LaTeX Font Info:    Try loading font information for U+lasy on input line 44.

(/usr/share/texmf/tex/latex/base/ulasy.fd
File: ulasy.fd 1998/08/17 v2.2e LaTeX symbol font definitions
)))
(/usr/share/texmf/tex/latex/base/article.cls
Document Class: article 2001/04/21 v1.4e Standard LaTeX document class
(/usr/share/texmf/tex/latex/base/size10.clo
File: size10.clo 2001/04/21 v1.4e Standard LaTeX file (size option)
)
\c@part=\count83
\c@section=\count84
\c@subsection=\count85
\c@subsubsection=\count86
\c@paragraph=\count87
\c@subparagraph=\count88
\c@figure=\count89
\c@table=\count90
\abovecaptionskip=\skip41
\belowcaptionskip=\skip42
Compatibility mode: definition of \rm ignored.
Compatibility mode: definition of \sf ignored.
Compatibility mode: definition of \tt ignored.
Compatibility mode: definition of \bf ignored.
Compatibility mode: definition of \it ignored.
Compatibility mode: definition of \sl ignored.
Compatibility mode: definition of \sc ignored.
LaTeX Info: Redefining \cal on input line 501.
LaTeX Info: Redefining \mit on input line 502.
\bibindent=\dimen105
)
(/usr/share/texmf/tex/generic/misc/psfig.sty
\@unused=\write3
\ps@stream=\read1
\p@intvaluex=\dimen106
\p@intvaluey=\dimen107

psfig/tex 1.10-dvips
) (/usr/share/texmf/tex/generic/misc/epsf.tex
This is `epsf.tex' v2.7k <10 July 1997>
\epsffilein=\read2
\epsfframemargin=\dimen108
\epsfframethickness=\dimen109
\epsfrsize=\dimen110
\epsftmp=\dimen111
\epsftsize=\dimen112
\epsfxsize=\dimen113
\epsfysize=\dimen114
\pspoints=\dimen115
\epsfnoopenhelp=\toks14
) (./vispack.aux)
\openout1 = `vispack.aux'.

LaTeX Font Info:    Checking defaults for OML/cmm/m/it on input line 29.
LaTeX Font Info:    ... okay on input line 29.
LaTeX Font Info:    Checking defaults for T1/cmr/m/n on input line 29.
LaTeX Font Info:    ... okay on input line 29.
LaTeX Font Info:    Checking defaults for OT1/cmr/m/n on input line 29.
LaTeX Font Info:    ... okay on input line 29.
LaTeX Font Info:    Checking defaults for OMS/cmsy/m/n on input line 29.
LaTeX Font Info:    ... okay on input line 29.
LaTeX Font Info:    Checking defaults for OMX/cmex/m/n on input line 29.
LaTeX Font Info:    ... okay on input line 29.
LaTeX Font Info:    Checking defaults for U/cmr/m/n on input line 29.
LaTeX Font Info:    ... okay on input line 29.
 [1

{/var/lib/texmf/dvips/config/pdftex.map}{/var/lib/texmf/dvips/config/wadalab.ma
p}] [2

] (./vispack.toc
LaTeX Font Info:    External font `cmex10' loaded for size
(Font)              <7> on input line 3.
LaTeX Font Info:    External font `cmex10' loaded for size
(Font)              <5> on input line 3.
 [3

] [4])
\tf@toc=\write4
\openout4 = `vispack.toc'.

 [5] [6

]
LaTeX Font Info:    External font `cmex10' loaded for size
(Font)              <8> on input line 152.
LaTeX Font Info:    External font `cmex10' loaded for size
(Font)              <6> on input line 152.
 [7] [8
Non-PDF special ignored!
Non-PDF special ignored!
Non-PDF special ignored!] [9] [10]
LaTeX Font Info:    Try loading font information for OMS+cmr on input line 411.

 (/usr/share/texmf/tex/latex/base/omscmr.fd
File: omscmr.fd 1999/05/25 v2.5h Standard LaTeX font definitions
)
LaTeX Font Info:    Font shape `OMS/cmr/m/n' in size <10> not available
(Font)              Font shape `OMS/cmsy/m/n' tried instead on input line 411.

[11]
LaTeX Font Info:    Try loading font information for OMS+cmtt on input line 496
.
LaTeX Font Info:    No file OMScmtt.fd. on input line 496.
LaTeX Font Warning: Font shape `OMS/cmtt/m/n' undefined
(Font)              using `OMS/cmsy/m/n' instead
(Font)              for symbol `textbraceleft' on input line 496.
 [12]
Underfull \hbox (badness 10000) in paragraph at lines 588--601

 []

[13] [14]
Underfull \hbox (badness 10000) in paragraph at lines 703--722

 []

[15]
Overfull \hbox (7.77045pt too wide) in paragraph at lines 762--766
/cmr10/These func-tions as-sign the val-ues from a LA-PACK for-mat ma-trix/vect
or to an ML /cmtt10/VISMatrix/cmr10///cmtt10/VISVector
 []

[16]
Underfull \hbox (badness 10000) in paragraph at lines 781--796

 []


Underfull \hbox (badness 10000) in paragraph at lines 797--802

 []


Underfull \hbox (badness 10000) in paragraph at lines 811--818

 []

[17]
Underfull \hbox (badness 10000) in paragraph at lines 868--879

 []

[18] [19] [20] [21] [22] [23]
Underfull \hbox (badness 10000) in paragraph at lines 1260--1270

 []

[24]
Underfull \hbox (badness 10000) in paragraph at lines 1305--1313

 []

[25] [26]
Overfull \hbox (10.52106pt too wide) in paragraph at lines 1446--1460
/cmtt10/int write[]iv(const VISImage<float>& x, const VISImage<float>& y, const
 VISImage<float>&
 []


Overfull \hbox (19.55096pt too wide) in paragraph at lines 1446--1460
/cmtt10/int VISImageFile::write[]iv(const VISImage<float>& im, const VISImageRG
BA& im[]color, const
 []


Underfull \hbox (badness 10000) in paragraph at lines 1480--1484

 []

[27] [28]
Overfull \hbox (6.82426pt too wide) in paragraph at lines 1604--1608
[]/cmtt10/VISImage<T> div(const VISImage<T>& image, T zeroCondition) const 
 []

[29] [30] [31]
Overfull \hbox (3.8011pt too wide) in paragraph at lines 1794--1802
/cmtt10/VISImage<float> anisoDiffuse(VISImage<float> image[]dx, VISImage<float>
 image[]dy) const 
 []

[32] [33]
Underfull \hbox (badness 10000) in paragraph at lines 1930--1941

 []

[34]
Underfull \hbox (badness 10000) in paragraph at lines 1967--1974

 []

[35]
Underfull \hbox (badness 10000) in paragraph at lines 2069--2077

 []

[36]
Underfull \hbox (badness 10000) in paragraph at lines 2117--2121

 []

[37] [38] [39] [40]
Overfull \hbox (1.76366pt too wide) in paragraph at lines 2358--2361
/cmr10/We have im-ple-mented only one vol-ume pro-cess-ing al-go-rithm. This fu
nc-tion is a mem-ber of the /cmtt10/VISVolumeFile
 []

[41]
Underfull \hbox (badness 10000) in paragraph at lines 2396--2403

 []

[42] [43]
Overfull \hbox (51.87292pt too wide) in paragraph at lines 2576--2585
/cmr10/The third func-tion re-turns /cmtt10/min(min(a,b),min(c,d))/cmr10/. The 
fourth func-tion re-turns /cmtt10/min(min(a,b,c,d),min(e,f))/cmr10/. 
 []

[44]
Overfull \hbox (51.87292pt too wide) in paragraph at lines 2586--2595
/cmr10/The third func-tion re-turns /cmtt10/max(max(a,b),max(c,d))/cmr10/. The 
fourth func-tion re-turns /cmtt10/max(max(a,b,c,d),max(e,f))/cmr10/. 
 []

[45]
LaTeX Font Warning: Command \boldmath invalid in math mode on input line 2657.
LaTeX Font Warning: Command \mathversion invalid in math mode on input line 265
7.
LaTeX Font Warning: Command \boldmath invalid in math mode on input line 2658.
LaTeX Font Warning: Command \mathversion invalid in math mode on input line 265
8.
LaTeX Font Warning: Command \boldmath invalid in math mode on input line 2658.
LaTeX Font Warning: Command \mathversion invalid in math mode on input line 265
8.
LaTeX Font Warning: Command \boldmath invalid in math mode on input line 2658.
LaTeX Font Warning: Command \mathversion invalid in math mode on input line 265
8.
LaTeX Font Warning: Command \boldmath invalid in math mode on input line 2658.
LaTeX Font Warning: Command \mathversion invalid in math mode on input line 265
8.
LaTeX Font Warning: Command \boldmath invalid in math mode on input line 2658.
LaTeX Font Warning: Command \mathversion invalid in math mode on input line 265
8.
LaTeX Font Warning: Command \boldmath invalid in math mode on input line 2659.
LaTeX Font Warning: Command \mathversion invalid in math mode on input line 265
9.
LaTeX Font Warning: Command \boldmath invalid in math mode on input line 2659.
LaTeX Font Warning: Command \mathversion invalid in math mode on input line 265
9.
LaTeX Font Warning: Command \boldmath invalid in math mode on input line 2659.
LaTeX Font Warning: Command \mathversion invalid in math mode on input line 265
9.
LaTeX Font Warning: Command \boldmath invalid in math mode on input line 2659.
LaTeX Font Warning: Command \mathversion invalid in math mode on input line 265
9.
LaTeX Font Warning: Command \boldmath invalid in math mode on input line 2659.
LaTeX Font Warning: Command \mathversion invalid in math mode on input line 265
9.
LaTeX Font Warning: Command \boldmath invalid in math mode on input line 2659.
LaTeX Font Warning: Command \mathversion invalid in math mode on input line 265
9.
LaTeX Font Warning: Command \boldmath invalid in math mode on input line 2660.
LaTeX Font Warning: Command \mathversion invalid in math mode on input line 266
0.
LaTeX Font Warning: Command \boldmath invalid in math mode on input line 2660.
LaTeX Font Warning: Command \mathversion invalid in math mode on input line 266
0.
LaTeX Font Warning: Command \boldmath invalid in math mode on input line 2662.
LaTeX Font Warning: Command \mathversion invalid in math mode on input line 266
2.
LaTeX Font Warning: Command \boldmath invalid in math mode on input line 2662.
LaTeX Font Warning: Command \mathversion invalid in math mode on input line 266
2.
LaTeX Font Warning: Command \boldmath invalid in math mode on input line 2663.
LaTeX Font Warning: Command \mathversion invalid in math mode on input line 266
3.
LaTeX Font Warning: Command \boldmath invalid in math mode on input line 2666.
LaTeX Font Warning: Command \mathversion invalid in math mode on input line 266
6.
LaTeX Font Warning: Command \boldmath invalid in math mode on input line 2670.
LaTeX Font Warning: Command \mathversion invalid in math mode on input line 267
0.
LaTeX Font Warning: Command \boldmath invalid in math mode on input line 2670.
LaTeX Font Warning: Command \mathversion invalid in math mode on input line 267
0.
LaTeX Font Warning: Command \boldmath invalid in math mode on input line 2670.
LaTeX Font Warning: Command \mathversion invalid in math mode on input line 267
0.
LaTeX Font Warning: Command \boldmath invalid in math mode on input line 2698.
LaTeX Font Warning: Command \mathversion invalid in math mode on input line 269
8.
 [46]
LaTeX Font Warning: Command \boldmath invalid in math mode on input line 2732.
LaTeX Font Warning: Command \mathversion invalid in math mode on input line 273
2.
 [47]
Overfull \hbox (11.20924pt too wide) in paragraph at lines 2793--2796
[]/cmr10/Parameters are in-tro-duces which con-trol the rel-a-tive in-flu-ence 
of the var-i-ous terms. A rou-tine /cmtt10/load[]params
 []

LaTeX Font Warning: Command \boldmath invalid in math mode on input line 2812.
LaTeX Font Warning: Command \mathversion invalid in math mode on input line 281
2.
LaTeX Font Warning: Command \boldmath invalid in math mode on input line 2815.
LaTeX Font Warning: Command \mathversion invalid in math mode on input line 281
5.
LaTeX Font Warning: Command \boldmath invalid in math mode on input line 2817.
LaTeX Font Warning: Command \mathversion invalid in math mode on input line 281
7.
LaTeX Font Warning: Command \boldmath invalid in math mode on input line 2817.
LaTeX Font Warning: Command \mathversion invalid in math mode on input line 281
7.
LaTeX Font Warning: Command \boldmath invalid in math mode on input line 2819.
LaTeX Font Warning: Command \mathversion invalid in math mode on input line 281
9.
LaTeX Font Warning: Command \boldmath invalid in math mode on input line 2824.
LaTeX Font Warning: Command \mathversion invalid in math mode on input line 282
4.
LaTeX Font Warning: Command \boldmath invalid in math mode on input line 2825.
LaTeX Font Warning: Command \mathversion invalid in math mode on input line 282
5.
[48] [49] [50] [51] [52] [53] [54] [55

]
LaTeX Font Info:    Font shape `OT1/cmtt/bx/n' in size <12> not available
(Font)              Font shape `OT1/cmtt/m/n' tried instead on input line 3213.

 [56]
LaTeX Font Info:    Font shape `OT1/cmtt/bx/n' in size <10> not available
(Font)              Font shape `OT1/cmtt/m/n' tried instead on input line 3305.

 [57]
Underfull \hbox (badness 10000) in paragraph at lines 3326--3340

 []


Underfull \hbox (badness 10000) in paragraph at lines 3355--3368

 []

[58] [59] [60] [61] [62] [63] [64] [65] [66] [67] [68]
Overfull \hbox (91.99011pt too wide) in paragraph at lines 3992--3992
[]/cmtt10///cout << "putting it at:  " << volume_index_w <<  "   " << volume_in
dex_h << "   " << slice_index << endl;[] 
 []

[69] [70] (./vispack.bbl) [71

] (./vispack.aux)
LaTeX Font Warning: Some font shapes were not available, defaults substituted.
 ) 
Here is how much of TeX's memory you used:
 900 strings out of 95437
 9831 string characters out of 1190247
 59400 words of memory out of 1000001
 3899 multiletter control sequences out of 10000+50000
 26017 words of font info for 96 fonts, out of 500000 for 1000
 14 hyphenation exceptions out of 1000
 25i,8n,22p,310b,334s stack positions out of 1500i,500n,5000p,200000b,5000s
 285 PDF objects out of 300000
 0 named destinations out of 131072
 0 words of extra memory for PDF output out of 65536
{/usr/share/texmf/dvips/tetex/74afc74c.enc}</usr/share/texmf/fonts/type1/blue
sky/cm/cmti7.pfb>{/usr/share/texmf/dvips/tetex/aae443f0.enc}</usr/share/texmf/f
onts/type1/bluesky/cm/cmmi8.pfb>{/usr/share/texmf/dvips/tetex/bbad153f.enc}</us
r/share/texmf/fonts/type1/bluesky/cm/cmsy7.pfb>{/usr/share/texmf/dvips/tetex/09
fbbfac.enc}</usr/share/texmf/fonts/type1/bluesky/cm/cmtt12.pfb></usr/share/texm
f/fonts/type1/bluesky/cm/cmex10.pfb></usr/share/texmf/fonts/type1/bluesky/cm/cm
mi7.pfb>{/usr/share/texmf/dvips/tetex/f7b6d320.enc}</usr/share/texmf/fonts/type
1/bluesky/cm/cmsl10.pfb></usr/share/texmf/fonts/type1/bluesky/cm/cmmi10.pfb></u
sr/share/texmf/fonts/type1/bluesky/cm/cmsy10.pfb></usr/share/texmf/fonts/type1/
bluesky/cm/cmtt8.pfb></usr/share/texmf/fonts/type1/bluesky/cm/cmr8.pfb></usr/sh
are/texmf/fonts/type1/bluesky/cm/cmr6.pfb></usr/share/texmf/fonts/type1/bluesky
/cm/cmr7.pfb></usr/share/texmf/fonts/type1/bluesky/cm/cmtt10.pfb></usr/share/te
xmf/fonts/type1/bluesky/cm/cmr9.pfb></usr/share/texmf/fonts/type1/bluesky/cm/cm
bx9.pfb></usr/share/texmf/fonts/type1/bluesky/cm/cmti10.pfb></usr/share/texmf/f
onts/type1/bluesky/cm/cmr10.pfb></usr/share/texmf/fonts/type1/bluesky/cm/cmbx10
.pfb></usr/share/texmf/fonts/type1/bluesky/cm/cmbx12.pfb>
Output written on vispack.pdf (71 pages, 321863 bytes).
